<?xml version="1.0" encoding="UTF-8"?>
<!-- Generated by org.testng.reporters.JUnitReportReporter -->
<testsuite skipped="0" hostname="auhumanpc" name="xerorRunner.testRunnerXero" tests="1" failures="0" timestamp="2019-12-31T14:04:32 PST" time="44.242" errors="0">
  <testcase name="feature" time="44.242" classname="xerorRunner.testRunnerXero"/>
</testsuite> <!-- xerorRunner.testRunnerXero -->
